Arguments: 
  /usr/local/bin/node /usr/local/bin/yarn

PATH: 
  /opt/homebrew/bin:/opt/homebrew/sbin:/usr/local/bin:/usr/bin:/bin:/usr/sbin:/sbin:/Library/Apple/usr/bin

Yarn version: 
  1.22.19

Node version: 
  16.15.1

Platform: 
  darwin arm64

Trace: 
  SyntaxError: /Users/yasniel/Documents/PROYECTOS/socialnet/services/api-example/package.json: Unexpected token } in JSON at position 480
      at JSON.parse (<anonymous>)
      at /usr/local/lib/node_modules/yarn/lib/cli.js:1629:59
      at Generator.next (<anonymous>)
      at step (/usr/local/lib/node_modules/yarn/lib/cli.js:310:30)
      at /usr/local/lib/node_modules/yarn/lib/cli.js:321:13

npm manifest: 
  {
    "name": "@socialnet/api-example",
    "version": "1.0.0",
    "main": "index.ts",
    "scripts": {
      "tsc": "tsc --build",
      "build": "tsc",
      "dev": "cross-env NODE_ENV=development ts-node-dev index.ts",
      "start": "cross-env NODE_ENV=production node ./build/index.js",
      "debug": "cross-env NODE_ENV=development DEBUG=* ts-node-dev index.ts"
    },
    "dependencies": {
      "cross-env": "^7.0.3",
      "debug": "^4.3.2",
      "dotenv": "^10.0.0",
      "express": "^4.17.1",
    },
    "devDependencies": {
      "@types/express": "^4.17.13",
      "@types/node": "^16.11.6",
      "ts-node-dev": "^1.1.8"
    }
  }

yarn manifest: 
  No manifest

Lockfile: 
  No lockfile
